<?xml version="1.0" encoding="UTF-8"?>
<testng-results skipped="0" failed="0" total="2" passed="2">
  <reporter-output>
  </reporter-output>
  <suite name="Default suite" duration-ms="3218" started-at="2020-05-05T16:57:51Z" finished-at="2020-05-05T16:57:54Z">
    <groups>
    </groups>
    <test name="Default test" duration-ms="3218" started-at="2020-05-05T16:57:51Z" finished-at="2020-05-05T16:57:54Z">
      <class name="com.qa.restAPI.TC001_GETRequest">
        <test-method status="PASS" signature="consoleDisplay()[pri:0, instance:com.qa.restAPI.TC001_GETRequest@3ab39c39]" name="consoleDisplay" duration-ms="16" started-at="2020-05-05T11:57:51Z" finished-at="2020-05-05T11:57:51Z">
          <reporter-output>
          </reporter-output>
        </test-method> <!-- consoleDisplay -->
        <test-method status="PASS" signature="getequiFaxAPITest()[pri:0, instance:com.qa.restAPI.TC001_GETRequest@3ab39c39]" name="getequiFaxAPITest" duration-ms="3182" started-at="2020-05-05T11:57:51Z" finished-at="2020-05-05T11:57:54Z">
          <reporter-output>
          </reporter-output>
        </test-method> <!-- getequiFaxAPITest -->
      </class> <!-- com.qa.restAPI.TC001_GETRequest -->
    </test> <!-- Default test -->
  </suite> <!-- Default suite -->
</testng-results>
